06-05-2026 13:54:50 867-06:00 [main] INFO  c.e.p.crontroller.TelefonoControl - Actualizando telefono con id 5...
06-05-2026 13:54:50 912-06:00 [main] INFO  c.e.p.crontroller.TelefonoControl - El telefono con id 5 no existente
06-05-2026 13:55:34 529-06:00 [main] INFO  c.e.p.crontroller.TelefonoControl - Actualizando telefono con id 5...
06-05-2026 13:55:34 551-06:00 [main] INFO  c.e.p.crontroller.TelefonoControl - El telefono con id 5 no existente
06-05-2026 14:03:30 913-06:00 [main] INFO  c.e.p.crontroller.TelefonoControl - Se ha eliminado el telefono con id 1
06-05-2026 14:03:30 995-06:00 [main] INFO  c.e.p.crontroller.TelefonoControl - Actualizando telefono con id 5...
06-05-2026 14:03:30 996-06:00 [main] INFO  c.e.p.crontroller.TelefonoControl - El telefono con id 5 se ha actualizado correctamente
06-05-2026 14:03:31 025-06:00 [main] INFO  c.e.p.crontroller.TelefonoControl - Creando telefono...
06-05-2026 14:03:31 028-06:00 [main] INFO  c.e.p.crontroller.TelefonoControl - El telefono se ha creado exitosamente
06-05-2026 14:03:31 131-06:00 [main] INFO  c.e.p.crontroller.TelefonoControl - Actualizando telefono con id 5...
06-05-2026 14:03:31 132-06:00 [main] INFO  c.e.p.crontroller.TelefonoControl - El telefono con id 5 no existente
06-05-2026 14:03:31 156-06:00 [main] INFO  c.e.p.crontroller.TelefonoControl - Creando telefono...
06-05-2026 14:03:31 157-06:00 [main] INFO  c.e.p.crontroller.TelefonoControl - Ha ocurrido un error al intentar crear el telefono
06-05-2026 14:03:31 172-06:00 [main] INFO  c.e.p.crontroller.TelefonoControl - Obteniendo telefonos
06-05-2026 14:03:31 188-06:00 [main] INFO  c.e.p.crontroller.TelefonoControl - Obteniendo telefono por id...
06-05-2026 14:03:31 190-06:00 [main] INFO  c.e.p.crontroller.TelefonoControl - Se ha obtenido el telefono con id 1
06-05-2026 14:03:31 206-06:00 [main] INFO  c.e.p.crontroller.TelefonoControl - Obteniendo telefonos
06-05-2026 14:03:31 222-06:00 [main] INFO  c.e.p.crontroller.TelefonoControl - Obteniendo telefono por id...
06-05-2026 14:03:31 222-06:00 [main] INFO  c.e.p.crontroller.TelefonoControl - Id 1 no existente
06-05-2026 14:06:50 744-06:00 [main] INFO  c.e.p.crontroller.UsuarioControl - Actualizando usuario con id 5...
06-05-2026 14:06:50 768-06:00 [main] INFO  c.e.p.crontroller.UsuarioControl - El usuario con id 5 se ha actualizado correctamente
06-05-2026 14:06:50 832-06:00 [main] INFO  c.e.p.crontroller.UsuarioControl - Se ha eliminado el usuario con id 1
06-05-2026 14:06:50 916-06:00 [main] INFO  c.e.p.crontroller.UsuarioControl - Actualizando usuario con id 5...
06-05-2026 14:06:50 917-06:00 [main] INFO  c.e.p.crontroller.UsuarioControl - El usuario con id 5 no existente
06-05-2026 14:06:50 939-06:00 [main] INFO  c.e.p.crontroller.UsuarioControl - Obteniendo usuario por id...
06-05-2026 14:06:50 940-06:00 [main] INFO  c.e.p.crontroller.UsuarioControl - Se ha obtenido el usuario con id 1
06-05-2026 14:06:50 958-06:00 [main] INFO  c.e.p.crontroller.UsuarioControl - Creando usuario...
06-05-2026 14:06:50 959-06:00 [main] INFO  c.e.p.crontroller.UsuarioControl - Ha ocurrido un error al intentar crear el usuario
06-05-2026 14:06:50 993-06:00 [main] INFO  c.e.p.crontroller.UsuarioControl - Obteniendo usuarios
06-05-2026 14:06:51 016-06:00 [main] INFO  c.e.p.crontroller.UsuarioControl - Obteniendo usuarios
06-05-2026 14:06:51 028-06:00 [main] INFO  c.e.p.crontroller.UsuarioControl - Obteniendo usuario por id...
06-05-2026 14:06:51 030-06:00 [main] INFO  c.e.p.crontroller.UsuarioControl - Id 1 no existente
06-05-2026 14:06:51 045-06:00 [main] INFO  c.e.p.crontroller.UsuarioControl - Creando usuario...
06-05-2026 14:06:51 046-06:00 [main] INFO  c.e.p.crontroller.UsuarioControl - El usuario se ha creado exitosamente
06-05-2026 14:07:38 893-06:00 [main] INFO  c.e.p.crontroller.TelefonoControl - Se ha eliminado el telefono con id 1
06-05-2026 14:07:38 979-06:00 [main] INFO  c.e.p.crontroller.TelefonoControl - Actualizando telefono con id 5...
06-05-2026 14:07:38 981-06:00 [main] INFO  c.e.p.crontroller.TelefonoControl - El telefono con id 5 se ha actualizado correctamente
06-05-2026 14:07:39 020-06:00 [main] INFO  c.e.p.crontroller.TelefonoControl - Creando telefono...
06-05-2026 14:07:39 022-06:00 [main] INFO  c.e.p.crontroller.TelefonoControl - El telefono se ha creado exitosamente
06-05-2026 14:07:39 077-06:00 [main] INFO  c.e.p.crontroller.TelefonoControl - Actualizando telefono con id 5...
06-05-2026 14:07:39 078-06:00 [main] INFO  c.e.p.crontroller.TelefonoControl - El telefono con id 5 no existente
06-05-2026 14:07:39 101-06:00 [main] INFO  c.e.p.crontroller.TelefonoControl - Creando telefono...
06-05-2026 14:07:39 102-06:00 [main] INFO  c.e.p.crontroller.TelefonoControl - Ha ocurrido un error al intentar crear el telefono
06-05-2026 14:07:39 121-06:00 [main] INFO  c.e.p.crontroller.TelefonoControl - Obteniendo telefonos
06-05-2026 14:07:39 138-06:00 [main] INFO  c.e.p.crontroller.TelefonoControl - Obteniendo telefono por id...
06-05-2026 14:07:39 140-06:00 [main] INFO  c.e.p.crontroller.TelefonoControl - Se ha obtenido el telefono con id 1
06-05-2026 14:07:39 154-06:00 [main] INFO  c.e.p.crontroller.TelefonoControl - Obteniendo telefonos
06-05-2026 14:07:39 167-06:00 [main] INFO  c.e.p.crontroller.TelefonoControl - Obteniendo telefono por id...
06-05-2026 14:07:39 167-06:00 [main] INFO  c.e.p.crontroller.TelefonoControl - Id 1 no existente
06-05-2026 14:08:07 393-06:00 [main] INFO  c.e.p.crontroller.DireccionControl - Se ha eliminado la direccion con id 1
06-05-2026 14:08:07 472-06:00 [main] INFO  c.e.p.crontroller.DireccionControl - Obteniendo direccion por id...
06-05-2026 14:08:07 473-06:00 [main] INFO  c.e.p.crontroller.DireccionControl - Se ha obtenido la direccion con id 1
06-05-2026 14:08:07 505-06:00 [main] INFO  c.e.p.crontroller.DireccionControl - Obteniendo direccion por id...
06-05-2026 14:08:07 507-06:00 [main] INFO  c.e.p.crontroller.DireccionControl - Id 1 no existente
06-05-2026 14:08:07 542-06:00 [main] INFO  c.e.p.crontroller.DireccionControl - Actualizando direccion con id 5...
06-05-2026 14:08:07 548-06:00 [main] INFO  c.e.p.crontroller.DireccionControl - La direccion con id 5 se ha actualizado correctamente
06-05-2026 14:08:07 601-06:00 [main] INFO  c.e.p.crontroller.DireccionControl - Creando direccion...
06-05-2026 14:08:07 601-06:00 [main] INFO  c.e.p.crontroller.DireccionControl - Ha ocurrido un error al intentar crear la direccion
06-05-2026 14:08:07 614-06:00 [main] INFO  c.e.p.crontroller.DireccionControl - Actualizando direccion con id 5...
06-05-2026 14:08:07 615-06:00 [main] INFO  c.e.p.crontroller.DireccionControl - La direccion con id 5 no existente
06-05-2026 14:08:07 632-06:00 [main] INFO  c.e.p.crontroller.DireccionControl - Obteniendo direcciones
06-05-2026 14:08:07 643-06:00 [main] INFO  c.e.p.crontroller.DireccionControl - Obteniendo direcciones
06-05-2026 14:20:31 227-06:00 [main] INFO  c.e.p.crontroller.UsuarioControl - Actualizando usuario con id 5...
06-05-2026 14:20:31 251-06:00 [main] INFO  c.e.p.crontroller.UsuarioControl - El usuario con id 5 se ha actualizado correctamente
06-05-2026 14:20:31 313-06:00 [main] INFO  c.e.p.crontroller.UsuarioControl - Se ha eliminado el usuario con id 1
06-05-2026 14:20:31 367-06:00 [main] INFO  c.e.p.crontroller.UsuarioControl - Actualizando usuario con id 5...
06-05-2026 14:20:31 368-06:00 [main] INFO  c.e.p.crontroller.UsuarioControl - El usuario con id 5 no existente
06-05-2026 14:20:31 410-06:00 [main] INFO  c.e.p.crontroller.UsuarioControl - Obteniendo usuario por id...
06-05-2026 14:20:31 414-06:00 [main] INFO  c.e.p.crontroller.UsuarioControl - Se ha obtenido el usuario con id 1
06-05-2026 14:20:31 453-06:00 [main] INFO  c.e.p.crontroller.UsuarioControl - Creando usuario...
06-05-2026 14:20:31 454-06:00 [main] INFO  c.e.p.crontroller.UsuarioControl - Ha ocurrido un error al intentar crear el usuario
06-05-2026 14:20:31 467-06:00 [main] INFO  c.e.p.crontroller.UsuarioControl - Obteniendo usuarios
06-05-2026 14:20:31 481-06:00 [main] INFO  c.e.p.crontroller.UsuarioControl - Obteniendo usuarios
06-05-2026 14:20:31 492-06:00 [main] INFO  c.e.p.crontroller.UsuarioControl - Obteniendo usuario por id...
06-05-2026 14:20:31 493-06:00 [main] INFO  c.e.p.crontroller.UsuarioControl - Id 1 no existente
06-05-2026 14:20:31 504-06:00 [main] INFO  c.e.p.crontroller.UsuarioControl - Creando usuario...
06-05-2026 14:20:31 506-06:00 [main] INFO  c.e.p.crontroller.UsuarioControl - El usuario se ha creado exitosamente
06-05-2026 14:32:00 539-06:00 [main] INFO  c.e.p.crontroller.UsuarioControl - Obteniendo usuario por id...
06-05-2026 14:32:00 575-06:00 [main] INFO  c.e.p.crontroller.UsuarioControl - Se ha obtenido el usuario con id 1
06-05-2026 14:32:52 167-06:00 [main] INFO  c.e.p.crontroller.UsuarioControl - Obteniendo usuario por id...
06-05-2026 14:32:52 187-06:00 [main] INFO  c.e.p.crontroller.UsuarioControl - Se ha obtenido el usuario con id 1
06-05-2026 14:36:39 750-06:00 [main] INFO  c.e.p.crontroller.UsuarioControl - Obteniendo usuario por id...
06-05-2026 14:36:39 772-06:00 [main] INFO  c.e.p.crontroller.UsuarioControl - Id 1 no existente
06-05-2026 14:37:11 601-06:00 [main] INFO  c.e.p.crontroller.UsuarioControl - Obteniendo usuario por id...
06-05-2026 14:37:11 630-06:00 [main] INFO  c.e.p.crontroller.UsuarioControl - Id 1 no existente
06-05-2026 14:39:31 748-06:00 [main] INFO  c.e.p.crontroller.UsuarioControl - Creando usuario...
06-05-2026 14:39:31 774-06:00 [main] INFO  c.e.p.crontroller.UsuarioControl - El usuario se ha creado exitosamente
06-05-2026 14:39:56 920-06:00 [main] INFO  c.e.p.crontroller.UsuarioControl - Creando usuario...
06-05-2026 14:39:56 946-06:00 [main] INFO  c.e.p.crontroller.UsuarioControl - El usuario se ha creado exitosamente
06-05-2026 14:41:35 613-06:00 [main] INFO  c.e.p.crontroller.UsuarioControl - Actualizando usuario con id 5...
06-05-2026 14:41:35 635-06:00 [main] INFO  c.e.p.crontroller.UsuarioControl - El usuario con id 5 se ha actualizado correctamente
06-05-2026 14:42:11 416-06:00 [main] INFO  c.e.p.crontroller.UsuarioControl - Actualizando usuario con id 5...
06-05-2026 14:42:11 439-06:00 [main] INFO  c.e.p.crontroller.UsuarioControl - El usuario con id 5 se ha actualizado correctamente
06-05-2026 14:42:57 328-06:00 [main] INFO  c.e.p.crontroller.UsuarioControl - Actualizando usuario con id 5...
06-05-2026 14:42:57 348-06:00 [main] INFO  c.e.p.crontroller.UsuarioControl - El usuario con id 5 no existente
06-05-2026 14:43:25 639-06:00 [main] INFO  c.e.p.crontroller.UsuarioControl - Actualizando usuario con id 5...
06-05-2026 14:43:25 661-06:00 [main] INFO  c.e.p.crontroller.UsuarioControl - El usuario con id 5 no existente
06-05-2026 14:43:49 551-06:00 [main] INFO  c.e.p.crontroller.UsuarioControl - Actualizando usuario con id 5...
06-05-2026 14:43:49 574-06:00 [main] INFO  c.e.p.crontroller.UsuarioControl - El usuario con id 5 no existente
06-05-2026 14:46:57 364-06:00 [main] INFO  c.e.p.crontroller.UsuarioControl - Se ha eliminado el usuario con id 1
06-05-2026 14:47:21 292-06:00 [main] INFO  c.e.p.crontroller.UsuarioControl - Se ha eliminado el usuario con id 1
06-05-2026 14:49:33 343-06:00 [main] INFO  c.e.p.crontroller.UsuarioControl - Creando usuario...
06-05-2026 14:49:33 372-06:00 [main] INFO  c.e.p.crontroller.UsuarioControl - Ha ocurrido un error al intentar crear el usuario
06-05-2026 14:50:14 294-06:00 [main] INFO  c.e.p.crontroller.UsuarioControl - Creando usuario...
06-05-2026 14:50:14 324-06:00 [main] INFO  c.e.p.crontroller.UsuarioControl - Ha ocurrido un error al intentar crear el usuario
06-05-2026 14:52:09 179-06:00 [main] INFO  c.e.p.crontroller.UsuarioControl - Creando usuario...
06-05-2026 14:52:09 215-06:00 [main] INFO  c.e.p.crontroller.UsuarioControl - Ha ocurrido un error al intentar crear el usuario
06-05-2026 14:52:25 900-06:00 [main] INFO  c.e.p.crontroller.UsuarioControl - Actualizando usuario con id 5...
06-05-2026 14:52:25 922-06:00 [main] INFO  c.e.p.crontroller.UsuarioControl - El usuario con id 5 se ha actualizado correctamente
06-05-2026 14:52:25 982-06:00 [main] INFO  c.e.p.crontroller.UsuarioControl - Se ha eliminado el usuario con id 1
06-05-2026 14:52:26 019-06:00 [main] INFO  c.e.p.crontroller.UsuarioControl - Actualizando usuario con id 5...
06-05-2026 14:52:26 020-06:00 [main] INFO  c.e.p.crontroller.UsuarioControl - El usuario con id 5 no existente
06-05-2026 14:52:26 064-06:00 [main] INFO  c.e.p.crontroller.UsuarioControl - Obteniendo usuario por id...
06-05-2026 14:52:26 068-06:00 [main] INFO  c.e.p.crontroller.UsuarioControl - Se ha obtenido el usuario con id 1
06-05-2026 14:52:26 121-06:00 [main] INFO  c.e.p.crontroller.UsuarioControl - Creando usuario...
06-05-2026 14:52:26 122-06:00 [main] INFO  c.e.p.crontroller.UsuarioControl - Ha ocurrido un error al intentar crear el usuario
06-05-2026 14:52:26 151-06:00 [main] INFO  c.e.p.crontroller.UsuarioControl - Obteniendo usuarios
06-05-2026 14:52:26 166-06:00 [main] INFO  c.e.p.crontroller.UsuarioControl - Obteniendo usuarios
06-05-2026 14:52:26 176-06:00 [main] INFO  c.e.p.crontroller.UsuarioControl - Obteniendo usuario por id...
06-05-2026 14:52:26 177-06:00 [main] INFO  c.e.p.crontroller.UsuarioControl - Id 1 no existente
06-05-2026 14:52:26 189-06:00 [main] INFO  c.e.p.crontroller.UsuarioControl - Creando usuario...
06-05-2026 14:52:26 191-06:00 [main] INFO  c.e.p.crontroller.UsuarioControl - El usuario se ha creado exitosamente
06-05-2026 15:28:27 727-06:00 [main] INFO  c.e.p.crontroller.TelefonoControl - Obteniendo telefonos
06-05-2026 15:28:57 981-06:00 [main] INFO  c.e.p.crontroller.TelefonoControl - Obteniendo telefonos
06-05-2026 15:29:34 507-06:00 [main] INFO  c.e.p.crontroller.TelefonoControl - Obteniendo telefonos
06-05-2026 15:37:23 975-06:00 [main] INFO  c.e.p.crontroller.TelefonoControl - Obteniendo telefono por id...
06-05-2026 15:37:23 997-06:00 [main] INFO  c.e.p.crontroller.TelefonoControl - Se ha obtenido el telefono con id 1
06-05-2026 15:38:50 250-06:00 [main] INFO  c.e.p.crontroller.TelefonoControl - Obteniendo telefono por id...
06-05-2026 15:38:50 273-06:00 [main] INFO  c.e.p.crontroller.TelefonoControl - Id 1 no existente
06-05-2026 15:39:14 531-06:00 [main] INFO  c.e.p.crontroller.TelefonoControl - Obteniendo telefono por id...
06-05-2026 15:39:14 555-06:00 [main] INFO  c.e.p.crontroller.TelefonoControl - Id 1 no existente
06-05-2026 15:41:56 431-06:00 [main] INFO  c.e.p.crontroller.TelefonoControl - Creando telefono...
06-05-2026 15:41:56 473-06:00 [main] INFO  c.e.p.crontroller.TelefonoControl - El telefono se ha creado exitosamente
06-05-2026 15:42:22 387-06:00 [main] INFO  c.e.p.crontroller.TelefonoControl - Creando telefono...
06-05-2026 15:42:22 414-06:00 [main] INFO  c.e.p.crontroller.TelefonoControl - El telefono se ha creado exitosamente
06-05-2026 15:44:15 161-06:00 [main] INFO  c.e.p.crontroller.TelefonoControl - Actualizando telefono con id 5...
06-05-2026 15:44:15 186-06:00 [main] INFO  c.e.p.crontroller.TelefonoControl - El telefono con id 5 se ha actualizado correctamente
06-05-2026 15:44:41 227-06:00 [main] INFO  c.e.p.crontroller.TelefonoControl - Actualizando telefono con id 5...
06-05-2026 15:44:41 251-06:00 [main] INFO  c.e.p.crontroller.TelefonoControl - El telefono con id 5 se ha actualizado correctamente
06-05-2026 15:45:51 130-06:00 [main] INFO  c.e.p.crontroller.TelefonoControl - Actualizando telefono con id 5...
06-05-2026 15:45:51 158-06:00 [main] INFO  c.e.p.crontroller.TelefonoControl - El telefono con id 5 no existente
06-05-2026 15:46:28 246-06:00 [main] INFO  c.e.p.crontroller.TelefonoControl - Actualizando telefono con id 5...
06-05-2026 15:46:28 276-06:00 [main] INFO  c.e.p.crontroller.TelefonoControl - El telefono con id 5 no existente
06-05-2026 15:48:48 928-06:00 [main] INFO  c.e.p.crontroller.TelefonoControl - Se ha eliminado el telefono con id 1
06-05-2026 15:51:36 678-06:00 [main] INFO  c.e.p.crontroller.TelefonoControl - Creando telefono...
06-05-2026 15:51:36 712-06:00 [main] INFO  c.e.p.crontroller.TelefonoControl - Ha ocurrido un error al intentar crear el telefono
06-05-2026 15:51:55 642-06:00 [main] INFO  c.e.p.crontroller.TelefonoControl - Se ha eliminado el telefono con id 1
06-05-2026 15:51:55 737-06:00 [main] INFO  c.e.p.crontroller.TelefonoControl - Actualizando telefono con id 5...
06-05-2026 15:51:55 750-06:00 [main] INFO  c.e.p.crontroller.TelefonoControl - El telefono con id 5 se ha actualizado correctamente
06-05-2026 15:51:55 777-06:00 [main] INFO  c.e.p.crontroller.TelefonoControl - Creando telefono...
06-05-2026 15:51:55 782-06:00 [main] INFO  c.e.p.crontroller.TelefonoControl - El telefono se ha creado exitosamente
06-05-2026 15:51:55 805-06:00 [main] INFO  c.e.p.crontroller.TelefonoControl - Actualizando telefono con id 5...
06-05-2026 15:51:55 806-06:00 [main] INFO  c.e.p.crontroller.TelefonoControl - El telefono con id 5 no existente
06-05-2026 15:51:55 833-06:00 [main] INFO  c.e.p.crontroller.TelefonoControl - Creando telefono...
06-05-2026 15:51:55 835-06:00 [main] INFO  c.e.p.crontroller.TelefonoControl - Ha ocurrido un error al intentar crear el telefono
06-05-2026 15:51:55 848-06:00 [main] INFO  c.e.p.crontroller.TelefonoControl - Obteniendo telefonos
06-05-2026 15:51:55 860-06:00 [main] INFO  c.e.p.crontroller.TelefonoControl - Obteniendo telefono por id...
06-05-2026 15:51:55 862-06:00 [main] INFO  c.e.p.crontroller.TelefonoControl - Se ha obtenido el telefono con id 1
06-05-2026 15:51:55 876-06:00 [main] INFO  c.e.p.crontroller.TelefonoControl - Obteniendo telefonos
06-05-2026 15:51:55 888-06:00 [main] INFO  c.e.p.crontroller.TelefonoControl - Obteniendo telefono por id...
06-05-2026 15:51:55 889-06:00 [main] INFO  c.e.p.crontroller.TelefonoControl - Id 1 no existente
06-05-2026 15:57:16 981-06:00 [main] INFO  c.e.p.crontroller.DireccionControl - Obteniendo direcciones
06-05-2026 15:58:12 417-06:00 [main] INFO  c.e.p.crontroller.DireccionControl - Obteniendo direcciones
06-05-2026 16:02:21 507-06:00 [main] INFO  c.e.p.crontroller.DireccionControl - Obteniendo direccion por id...
06-05-2026 16:02:21 528-06:00 [main] INFO  c.e.p.crontroller.DireccionControl - Se ha obtenido la direccion con id 1
06-05-2026 16:03:39 975-06:00 [main] INFO  c.e.p.crontroller.DireccionControl - Obteniendo direccion por id...
06-05-2026 16:03:40 001-06:00 [main] INFO  c.e.p.crontroller.DireccionControl - Se ha obtenido la direccion con id 1
06-05-2026 16:04:40 594-06:00 [main] INFO  c.e.p.crontroller.DireccionControl - Obteniendo direccion por id...
06-05-2026 16:04:40 616-06:00 [main] INFO  c.e.p.crontroller.DireccionControl - Id 1 no existente
06-05-2026 16:05:16 020-06:00 [main] INFO  c.e.p.crontroller.DireccionControl - Obteniendo direccion por id...
06-05-2026 16:05:16 055-06:00 [main] INFO  c.e.p.crontroller.DireccionControl - Id 1 no existente
06-05-2026 16:05:40 763-06:00 [main] INFO  c.e.p.crontroller.DireccionControl - Obteniendo direccion por id...
06-05-2026 16:05:40 786-06:00 [main] INFO  c.e.p.crontroller.DireccionControl - Id 1 no existente
06-05-2026 16:07:14 466-06:00 [main] INFO  c.e.p.crontroller.DireccionControl - Creando direccion...
06-05-2026 16:07:14 468-06:00 [main] INFO  c.e.p.crontroller.DireccionControl - Ha ocurrido un error al intentar crear la direccion
06-05-2026 16:07:44 773-06:00 [main] INFO  c.e.p.crontroller.DireccionControl - Creando direccion...
06-05-2026 16:07:44 776-06:00 [main] INFO  c.e.p.crontroller.DireccionControl - Ha ocurrido un error al intentar crear la direccion
06-05-2026 16:09:01 185-06:00 [main] INFO  c.e.p.crontroller.DireccionControl - Actualizando direccion con id 5...
06-05-2026 16:09:01 210-06:00 [main] INFO  c.e.p.crontroller.DireccionControl - La direccion con id 5 se ha actualizado correctamente
06-05-2026 16:09:38 843-06:00 [main] INFO  c.e.p.crontroller.DireccionControl - Actualizando direccion con id 5...
06-05-2026 16:09:38 870-06:00 [main] INFO  c.e.p.crontroller.DireccionControl - La direccion con id 5 se ha actualizado correctamente
06-05-2026 16:10:49 066-06:00 [main] INFO  c.e.p.crontroller.DireccionControl - Actualizando direccion con id 5...
06-05-2026 16:10:49 090-06:00 [main] INFO  c.e.p.crontroller.DireccionControl - La direccion con id 5 no existente
06-05-2026 16:11:10 287-06:00 [main] INFO  c.e.p.crontroller.DireccionControl - Actualizando direccion con id 5...
06-05-2026 16:11:10 310-06:00 [main] INFO  c.e.p.crontroller.DireccionControl - La direccion con id 5 no existente
06-05-2026 16:11:39 494-06:00 [main] INFO  c.e.p.crontroller.DireccionControl - Actualizando direccion con id 5...
06-05-2026 16:11:39 519-06:00 [main] INFO  c.e.p.crontroller.DireccionControl - La direccion con id 5 no existente
06-05-2026 16:13:46 748-06:00 [main] INFO  c.e.p.crontroller.DireccionControl - Se ha eliminado la direccion con id 1
06-05-2026 16:13:57 776-06:00 [main] INFO  c.e.p.crontroller.DireccionControl - Se ha eliminado la direccion con id 1
06-05-2026 16:13:57 887-06:00 [main] INFO  c.e.p.crontroller.DireccionControl - Obteniendo direccion por id...
06-05-2026 16:13:57 945-06:00 [main] INFO  c.e.p.crontroller.DireccionControl - Se ha obtenido la direccion con id 1
06-05-2026 16:13:57 967-06:00 [main] INFO  c.e.p.crontroller.DireccionControl - Obteniendo direccion por id...
06-05-2026 16:13:57 968-06:00 [main] INFO  c.e.p.crontroller.DireccionControl - Id 1 no existente
06-05-2026 16:13:57 993-06:00 [main] INFO  c.e.p.crontroller.DireccionControl - Actualizando direccion con id 5...
06-05-2026 16:13:57 995-06:00 [main] INFO  c.e.p.crontroller.DireccionControl - La direccion con id 5 se ha actualizado correctamente
06-05-2026 16:13:58 017-06:00 [main] INFO  c.e.p.crontroller.DireccionControl - Creando direccion...
06-05-2026 16:13:58 017-06:00 [main] INFO  c.e.p.crontroller.DireccionControl - Ha ocurrido un error al intentar crear la direccion
06-05-2026 16:13:58 029-06:00 [main] INFO  c.e.p.crontroller.DireccionControl - Actualizando direccion con id 5...
06-05-2026 16:13:58 030-06:00 [main] INFO  c.e.p.crontroller.DireccionControl - La direccion con id 5 no existente
06-05-2026 16:13:58 049-06:00 [main] INFO  c.e.p.crontroller.DireccionControl - Obteniendo direcciones
06-05-2026 16:13:58 072-06:00 [main] INFO  c.e.p.crontroller.DireccionControl - Obteniendo direcciones
