13-05-2026 14:45:13 942-06:00 [main] INFO  c.e.practica63.Practica63Application - Starting Practica63Application using Java 17.0.12 with PID 14060 (C:\Users\Usuario\OneDrive - Universidad La Salle Oaxaca\Escritorio\Desarrollador Full Stack Java\VCBackend\Springs\demo\target\classes started by Usuario in C:\Users\Usuario\OneDrive - Universidad La Salle Oaxaca\Escritorio\Desarrollador Full Stack Java\VCBackend\Springs\demo)
13-05-2026 14:45:13 960-06:00 [main] INFO  c.e.practica63.Practica63Application - The following 1 profile is active: "dev"
13-05-2026 14:45:26 105-06:00 [main] INFO  c.e.practica63.Practica63Application - Started Practica63Application in 13.37 seconds (process running for 15.449)
13-05-2026 14:46:41 007-06:00 [http-nio-8080-exec-1] INFO  c.e.p.crontroller.UsuarioControl - Obteniendo usuarios
13-05-2026 14:47:09 547-06:00 [http-nio-8080-exec-3] INFO  c.e.p.crontroller.UsuarioControl - Obteniendo usuario por id...
13-05-2026 14:47:09 548-06:00 [http-nio-8080-exec-3] INFO  c.e.p.crontroller.UsuarioControl - Se ha obtenido el usuario con id 2
13-05-2026 14:47:48 210-06:00 [http-nio-8080-exec-5] INFO  c.e.p.crontroller.UsuarioControl - Obteniendo usuarios
13-05-2026 14:48:18 504-06:00 [http-nio-8080-exec-7] INFO  c.e.p.crontroller.UsuarioControl - Obteniendo usuario por id...
13-05-2026 14:48:18 504-06:00 [http-nio-8080-exec-7] INFO  c.e.p.crontroller.UsuarioControl - Se ha obtenido el usuario con id 2
13-05-2026 14:49:32 926-06:00 [http-nio-8080-exec-9] INFO  c.e.p.crontroller.UsuarioControl - Obteniendo usuario por id...
13-05-2026 14:49:32 926-06:00 [http-nio-8080-exec-9] INFO  c.e.p.crontroller.UsuarioControl - Se ha obtenido el usuario con id 2
13-05-2026 14:49:56 937-06:00 [http-nio-8080-exec-1] INFO  c.e.p.crontroller.UsuarioControl - Obteniendo usuario por id...
13-05-2026 14:49:56 937-06:00 [http-nio-8080-exec-1] INFO  c.e.p.crontroller.UsuarioControl - Se ha obtenido el usuario con id 1
13-05-2026 14:50:20 020-06:00 [http-nio-8080-exec-3] INFO  c.e.p.crontroller.UsuarioControl - Obteniendo usuarios
13-05-2026 14:51:11 929-06:00 [http-nio-8080-exec-5] INFO  c.e.p.crontroller.UsuarioControl - Obteniendo usuario por id...
13-05-2026 14:51:11 929-06:00 [http-nio-8080-exec-5] INFO  c.e.p.crontroller.UsuarioControl - Se ha obtenido el usuario con id 1
13-05-2026 14:58:12 876-06:00 [http-nio-8080-exec-7] INFO  c.e.p.crontroller.UsuarioControl - Obteniendo usuario por id...
13-05-2026 14:58:12 876-06:00 [http-nio-8080-exec-7] INFO  c.e.p.crontroller.UsuarioControl - Se ha obtenido el usuario con id 1
13-05-2026 15:03:38 632-06:00 [http-nio-8080-exec-9] INFO  c.e.p.crontroller.UsuarioControl - Creando usuario...
13-05-2026 15:03:38 705-06:00 [http-nio-8080-exec-9] INFO  c.e.p.crontroller.UsuarioControl - El usuario se ha creado exitosamente
13-05-2026 15:05:12 626-06:00 [http-nio-8080-exec-1] INFO  c.e.p.crontroller.UsuarioControl - Obteniendo usuarios
13-05-2026 15:07:51 228-06:00 [http-nio-8080-exec-3] INFO  c.e.p.crontroller.UsuarioControl - Creando usuario...
13-05-2026 15:07:51 231-06:00 [http-nio-8080-exec-3] INFO  c.e.p.crontroller.UsuarioControl - El usuario se ha creado exitosamente
13-05-2026 15:12:33 848-06:00 [main] INFO  c.e.p.crontroller.UsuarioControl - Se ha eliminado el usuario con id 1
13-05-2026 15:13:10 683-06:00 [main] INFO  c.e.p.crontroller.UsuarioControl - Creando usuario...
13-05-2026 15:13:10 714-06:00 [main] INFO  c.e.p.crontroller.UsuarioControl - Ha ocurrido un error al intentar crear el usuario
13-05-2026 15:13:40 162-06:00 [main] INFO  c.e.p.crontroller.UsuarioControl - Creando usuario...
13-05-2026 15:13:40 193-06:00 [main] INFO  c.e.p.crontroller.UsuarioControl - El usuario se ha creado exitosamente
13-05-2026 15:14:41 868-06:00 [main] INFO  c.e.p.crontroller.UsuarioControl - Creando usuario...
13-05-2026 15:14:41 895-06:00 [main] INFO  c.e.p.crontroller.UsuarioControl - El usuario se ha creado exitosamente
13-05-2026 15:17:52 529-06:00 [main] INFO  c.e.p.crontroller.UsuarioControl - Creando usuario...
13-05-2026 15:17:52 558-06:00 [main] INFO  c.e.p.crontroller.UsuarioControl - El usuario se ha creado exitosamente
13-05-2026 15:18:18 300-06:00 [main] INFO  c.e.p.crontroller.UsuarioControl - Creando usuario...
13-05-2026 15:18:18 328-06:00 [main] INFO  c.e.p.crontroller.UsuarioControl - El usuario se ha creado exitosamente
13-05-2026 15:22:00 565-06:00 [main] INFO  c.e.p.crontroller.UsuarioControl - Creando usuario...
13-05-2026 15:22:00 591-06:00 [main] INFO  c.e.p.crontroller.UsuarioControl - El usuario se ha creado exitosamente
13-05-2026 15:26:41 731-06:00 [main] INFO  c.e.p.crontroller.UsuarioControl - Creando usuario...
13-05-2026 15:26:41 761-06:00 [main] INFO  c.e.p.crontroller.UsuarioControl - El usuario se ha creado exitosamente
13-05-2026 15:28:27 176-06:00 [main] INFO  c.e.p.crontroller.UsuarioControl - Creando usuario...
13-05-2026 15:28:27 203-06:00 [main] INFO  c.e.p.crontroller.UsuarioControl - El usuario se ha creado exitosamente
13-05-2026 15:29:08 671-06:00 [main] INFO  c.e.practica63.Practica63Application - Starting Practica63Application using Java 17.0.12 with PID 15264 (C:\Users\Usuario\OneDrive - Universidad La Salle Oaxaca\Escritorio\Desarrollador Full Stack Java\VCBackend\Springs\demo\target\classes started by Usuario in C:\Users\Usuario\OneDrive - Universidad La Salle Oaxaca\Escritorio\Desarrollador Full Stack Java\VCBackend\Springs\demo)
13-05-2026 15:29:08 678-06:00 [main] INFO  c.e.practica63.Practica63Application - The following 1 profile is active: "dev"
13-05-2026 15:29:18 908-06:00 [main] INFO  c.e.practica63.Practica63Application - Started Practica63Application in 11.309 seconds (process running for 12.782)
13-05-2026 15:29:30 705-06:00 [http-nio-8080-exec-1] INFO  c.e.p.crontroller.UsuarioControl - Creando usuario...
13-05-2026 15:29:30 949-06:00 [http-nio-8080-exec-1] INFO  c.e.p.crontroller.UsuarioControl - El usuario se ha creado exitosamente
13-05-2026 15:30:48 211-06:00 [http-nio-8080-exec-3] INFO  c.e.p.crontroller.UsuarioControl - Obteniendo usuarios
13-05-2026 15:33:58 079-06:00 [http-nio-8080-exec-5] INFO  c.e.p.crontroller.UsuarioControl - Obteniendo usuarios
13-05-2026 15:34:07 442-06:00 [http-nio-8080-exec-7] INFO  c.e.p.crontroller.UsuarioControl - Creando usuario...
13-05-2026 15:34:07 445-06:00 [http-nio-8080-exec-7] INFO  c.e.p.crontroller.UsuarioControl - El usuario se ha creado exitosamente
13-05-2026 15:37:07 714-06:00 [http-nio-8080-exec-9] INFO  c.e.p.crontroller.UsuarioControl - Creando usuario...
13-05-2026 15:37:07 717-06:00 [http-nio-8080-exec-9] INFO  c.e.p.crontroller.UsuarioControl - El usuario se ha creado exitosamente
13-05-2026 15:38:24 862-06:00 [http-nio-8080-exec-1] INFO  c.e.p.crontroller.UsuarioControl - Creando usuario...
13-05-2026 15:38:24 865-06:00 [http-nio-8080-exec-1] INFO  c.e.p.crontroller.UsuarioControl - El usuario se ha creado exitosamente
13-05-2026 15:38:44 854-06:00 [http-nio-8080-exec-3] INFO  c.e.p.crontroller.UsuarioControl - Creando usuario...
13-05-2026 15:38:44 857-06:00 [http-nio-8080-exec-3] INFO  c.e.p.crontroller.UsuarioControl - El usuario se ha creado exitosamente
13-05-2026 15:47:27 734-06:00 [http-nio-8080-exec-5] INFO  c.e.p.crontroller.UsuarioControl - Obteniendo usuario por id...
13-05-2026 15:47:27 736-06:00 [http-nio-8080-exec-5] INFO  c.e.p.crontroller.UsuarioControl - Se ha obtenido el usuario con id 3
13-05-2026 15:47:27 897-06:00 [http-nio-8080-exec-6] INFO  c.e.p.crontroller.UsuarioControl - Obteniendo usuario por id...
13-05-2026 15:47:27 897-06:00 [http-nio-8080-exec-6] INFO  c.e.p.crontroller.UsuarioControl - Se ha obtenido el usuario con id 3
13-05-2026 15:47:52 718-06:00 [http-nio-8080-exec-8] INFO  c.e.p.crontroller.UsuarioControl - Obteniendo usuario por id...
13-05-2026 15:47:52 718-06:00 [http-nio-8080-exec-8] INFO  c.e.p.crontroller.UsuarioControl - Se ha obtenido el usuario con id 1
13-05-2026 15:47:52 916-06:00 [http-nio-8080-exec-9] INFO  c.e.p.crontroller.UsuarioControl - Obteniendo usuario por id...
13-05-2026 15:47:52 916-06:00 [http-nio-8080-exec-9] INFO  c.e.p.crontroller.UsuarioControl - Se ha obtenido el usuario con id 1
13-05-2026 15:48:30 337-06:00 [http-nio-8080-exec-1] INFO  c.e.p.crontroller.UsuarioControl - Obteniendo usuario por id...
13-05-2026 15:48:30 337-06:00 [http-nio-8080-exec-1] INFO  c.e.p.crontroller.UsuarioControl - Se ha obtenido el usuario con id 2
13-05-2026 15:48:30 581-06:00 [http-nio-8080-exec-2] INFO  c.e.p.crontroller.UsuarioControl - Obteniendo usuario por id...
13-05-2026 15:48:30 581-06:00 [http-nio-8080-exec-2] INFO  c.e.p.crontroller.UsuarioControl - Se ha obtenido el usuario con id 2
