05-05-2026 15:59:48 069-06:00 [main] INFO  c.e.p.crontroller.UsuarioControl - Actualizando usuario con id 5...
05-05-2026 15:59:48 111-06:00 [main] INFO  c.e.p.crontroller.UsuarioControl - El usuario con id 5 se ha actualizado correctamente
05-05-2026 15:59:48 318-06:00 [main] INFO  c.e.p.crontroller.UsuarioControl - Se ha eliminado el usuario con id 1
05-05-2026 15:59:48 345-06:00 [main] INFO  c.e.p.crontroller.UsuarioControl - Actualizando usuario con id 5...
05-05-2026 15:59:48 346-06:00 [main] INFO  c.e.p.crontroller.UsuarioControl - El usuario con id 5 no existente
05-05-2026 15:59:48 380-06:00 [main] INFO  c.e.p.crontroller.UsuarioControl - Obteniendo usuario por id...
05-05-2026 15:59:48 382-06:00 [main] INFO  c.e.p.crontroller.UsuarioControl - Se ha obtenido el usuario con id 1
05-05-2026 15:59:48 416-06:00 [main] INFO  c.e.p.crontroller.UsuarioControl - Creando usuario...
05-05-2026 15:59:48 418-06:00 [main] INFO  c.e.p.crontroller.UsuarioControl - Ha ocurrido un error al intentar crear el usuario
05-05-2026 15:59:48 443-06:00 [main] INFO  c.e.p.crontroller.UsuarioControl - Obteniendo usuarios
05-05-2026 15:59:48 474-06:00 [main] INFO  c.e.p.crontroller.UsuarioControl - Obteniendo usuarios
05-05-2026 15:59:48 502-06:00 [main] INFO  c.e.p.crontroller.UsuarioControl - Obteniendo usuario por id...
05-05-2026 15:59:48 502-06:00 [main] INFO  c.e.p.crontroller.UsuarioControl - Id 1 no existente
05-05-2026 15:59:48 522-06:00 [main] INFO  c.e.p.crontroller.UsuarioControl - Creando usuario...
05-05-2026 15:59:48 524-06:00 [main] INFO  c.e.p.crontroller.UsuarioControl - El usuario se ha creado exitosamente
05-05-2026 16:01:50 895-06:00 [main] INFO  c.e.p.crontroller.UsuarioControl - Actualizando usuario con id 5...
05-05-2026 16:01:50 918-06:00 [main] INFO  c.e.p.crontroller.UsuarioControl - El usuario con id 5 se ha actualizado correctamente
05-05-2026 16:01:50 985-06:00 [main] INFO  c.e.p.crontroller.UsuarioControl - Se ha eliminado el usuario con id 1
05-05-2026 16:01:51 081-06:00 [main] INFO  c.e.p.crontroller.UsuarioControl - Actualizando usuario con id 5...
05-05-2026 16:01:51 082-06:00 [main] INFO  c.e.p.crontroller.UsuarioControl - El usuario con id 5 no existente
05-05-2026 16:01:51 101-06:00 [main] INFO  c.e.p.crontroller.UsuarioControl - Obteniendo usuario por id...
05-05-2026 16:01:51 102-06:00 [main] INFO  c.e.p.crontroller.UsuarioControl - Se ha obtenido el usuario con id 1
05-05-2026 16:01:51 119-06:00 [main] INFO  c.e.p.crontroller.UsuarioControl - Creando usuario...
05-05-2026 16:01:51 131-06:00 [main] INFO  c.e.p.crontroller.UsuarioControl - Ha ocurrido un error al intentar crear el usuario
05-05-2026 16:01:51 147-06:00 [main] INFO  c.e.p.crontroller.UsuarioControl - Obteniendo usuarios
05-05-2026 16:01:51 175-06:00 [main] INFO  c.e.p.crontroller.UsuarioControl - Obteniendo usuarios
05-05-2026 16:01:51 201-06:00 [main] INFO  c.e.p.crontroller.UsuarioControl - Obteniendo usuario por id...
05-05-2026 16:01:51 201-06:00 [main] INFO  c.e.p.crontroller.UsuarioControl - Id 1 no existente
05-05-2026 16:01:51 215-06:00 [main] INFO  c.e.p.crontroller.UsuarioControl - Creando usuario...
05-05-2026 16:01:51 217-06:00 [main] INFO  c.e.p.crontroller.UsuarioControl - El usuario se ha creado exitosamente
05-05-2026 16:08:39 753-06:00 [main] INFO  c.e.p.crontroller.UsuarioControl - Actualizando usuario con id 5...
05-05-2026 16:08:39 777-06:00 [main] INFO  c.e.p.crontroller.UsuarioControl - El usuario con id 5 se ha actualizado correctamente
05-05-2026 16:08:39 836-06:00 [main] INFO  c.e.p.crontroller.UsuarioControl - Se ha eliminado el usuario con id 1
05-05-2026 16:08:39 942-06:00 [main] INFO  c.e.p.crontroller.UsuarioControl - Actualizando usuario con id 5...
05-05-2026 16:08:39 943-06:00 [main] INFO  c.e.p.crontroller.UsuarioControl - El usuario con id 5 no existente
05-05-2026 16:08:39 971-06:00 [main] INFO  c.e.p.crontroller.UsuarioControl - Obteniendo usuario por id...
05-05-2026 16:08:39 973-06:00 [main] INFO  c.e.p.crontroller.UsuarioControl - Se ha obtenido el usuario con id 1
05-05-2026 16:08:40 004-06:00 [main] INFO  c.e.p.crontroller.UsuarioControl - Creando usuario...
05-05-2026 16:08:40 006-06:00 [main] INFO  c.e.p.crontroller.UsuarioControl - Ha ocurrido un error al intentar crear el usuario
05-05-2026 16:08:40 020-06:00 [main] INFO  c.e.p.crontroller.UsuarioControl - Obteniendo usuarios
05-05-2026 16:08:40 059-06:00 [main] INFO  c.e.p.crontroller.UsuarioControl - Obteniendo usuarios
05-05-2026 16:08:40 090-06:00 [main] INFO  c.e.p.crontroller.UsuarioControl - Obteniendo usuario por id...
05-05-2026 16:08:40 091-06:00 [main] INFO  c.e.p.crontroller.UsuarioControl - Id 1 no existente
05-05-2026 16:08:40 113-06:00 [main] INFO  c.e.p.crontroller.UsuarioControl - Creando usuario...
05-05-2026 16:08:40 114-06:00 [main] INFO  c.e.p.crontroller.UsuarioControl - El usuario se ha creado exitosamente
05-05-2026 16:10:30 663-06:00 [main] INFO  c.e.p.crontroller.UsuarioControl - Actualizando usuario con id 5...
05-05-2026 16:10:30 718-06:00 [main] INFO  c.e.p.crontroller.UsuarioControl - El usuario con id 5 se ha actualizado correctamente
05-05-2026 16:10:30 953-06:00 [main] INFO  c.e.p.crontroller.UsuarioControl - Se ha eliminado el usuario con id 1
05-05-2026 16:10:31 039-06:00 [main] INFO  c.e.p.crontroller.UsuarioControl - Actualizando usuario con id 5...
05-05-2026 16:10:31 040-06:00 [main] INFO  c.e.p.crontroller.UsuarioControl - El usuario con id 5 no existente
05-05-2026 16:10:31 081-06:00 [main] INFO  c.e.p.crontroller.UsuarioControl - Obteniendo usuario por id...
05-05-2026 16:10:31 085-06:00 [main] INFO  c.e.p.crontroller.UsuarioControl - Se ha obtenido el usuario con id 1
05-05-2026 16:10:31 132-06:00 [main] INFO  c.e.p.crontroller.UsuarioControl - Creando usuario...
05-05-2026 16:10:31 135-06:00 [main] INFO  c.e.p.crontroller.UsuarioControl - Ha ocurrido un error al intentar crear el usuario
05-05-2026 16:10:31 170-06:00 [main] INFO  c.e.p.crontroller.UsuarioControl - Obteniendo usuarios
05-05-2026 16:11:27 976-06:00 [main] INFO  c.e.p.crontroller.UsuarioControl - Obteniendo usuarios
05-05-2026 16:11:39 447-06:00 [main] INFO  c.e.p.crontroller.UsuarioControl - Obteniendo usuario por id...
05-05-2026 16:11:39 449-06:00 [main] INFO  c.e.p.crontroller.UsuarioControl - Id 1 no existente
05-05-2026 16:11:39 985-06:00 [main] INFO  c.e.p.crontroller.UsuarioControl - Creando usuario...
05-05-2026 16:11:39 988-06:00 [main] INFO  c.e.p.crontroller.UsuarioControl - El usuario se ha creado exitosamente
05-05-2026 16:13:13 995-06:00 [main] INFO  c.e.p.crontroller.UsuarioControl - Obteniendo usuario por id...
05-05-2026 16:13:14 017-06:00 [main] INFO  c.e.p.crontroller.UsuarioControl - Se ha obtenido el usuario con id 1
05-05-2026 16:13:41 587-06:00 [main] INFO  c.e.p.crontroller.UsuarioControl - Actualizando usuario con id 5...
05-05-2026 16:13:41 610-06:00 [main] INFO  c.e.p.crontroller.UsuarioControl - El usuario con id 5 se ha actualizado correctamente
05-05-2026 16:13:41 669-06:00 [main] INFO  c.e.p.crontroller.UsuarioControl - Se ha eliminado el usuario con id 1
05-05-2026 16:13:41 729-06:00 [main] INFO  c.e.p.crontroller.UsuarioControl - Actualizando usuario con id 5...
05-05-2026 16:13:41 731-06:00 [main] INFO  c.e.p.crontroller.UsuarioControl - El usuario con id 5 no existente
05-05-2026 16:13:41 793-06:00 [main] INFO  c.e.p.crontroller.UsuarioControl - Obteniendo usuario por id...
05-05-2026 16:13:41 794-06:00 [main] INFO  c.e.p.crontroller.UsuarioControl - Se ha obtenido el usuario con id 1
05-05-2026 16:13:41 818-06:00 [main] INFO  c.e.p.crontroller.UsuarioControl - Creando usuario...
05-05-2026 16:13:41 819-06:00 [main] INFO  c.e.p.crontroller.UsuarioControl - Ha ocurrido un error al intentar crear el usuario
05-05-2026 16:13:41 838-06:00 [main] INFO  c.e.p.crontroller.UsuarioControl - Obteniendo usuarios
05-05-2026 16:13:41 867-06:00 [main] INFO  c.e.p.crontroller.UsuarioControl - Obteniendo usuarios
05-05-2026 16:13:41 894-06:00 [main] INFO  c.e.p.crontroller.UsuarioControl - Obteniendo usuario por id...
05-05-2026 16:13:41 894-06:00 [main] INFO  c.e.p.crontroller.UsuarioControl - Id 1 no existente
05-05-2026 16:13:41 913-06:00 [main] INFO  c.e.p.crontroller.UsuarioControl - Creando usuario...
05-05-2026 16:13:41 915-06:00 [main] INFO  c.e.p.crontroller.UsuarioControl - El usuario se ha creado exitosamente
05-05-2026 16:20:39 654-06:00 [main] INFO  c.e.p.crontroller.UsuarioControl - Actualizando usuario con id 5...
05-05-2026 16:20:39 677-06:00 [main] INFO  c.e.p.crontroller.UsuarioControl - El usuario con id 5 se ha actualizado correctamente
05-05-2026 16:20:39 747-06:00 [main] INFO  c.e.p.crontroller.UsuarioControl - Se ha eliminado el usuario con id 1
05-05-2026 16:20:39 827-06:00 [main] INFO  c.e.p.crontroller.UsuarioControl - Actualizando usuario con id 5...
05-05-2026 16:20:39 828-06:00 [main] INFO  c.e.p.crontroller.UsuarioControl - El usuario con id 5 no existente
05-05-2026 16:20:39 871-06:00 [main] INFO  c.e.p.crontroller.UsuarioControl - Obteniendo usuario por id...
05-05-2026 16:20:39 874-06:00 [main] INFO  c.e.p.crontroller.UsuarioControl - Se ha obtenido el usuario con id 1
05-05-2026 16:20:39 921-06:00 [main] INFO  c.e.p.crontroller.UsuarioControl - Creando usuario...
05-05-2026 16:20:39 923-06:00 [main] INFO  c.e.p.crontroller.UsuarioControl - Ha ocurrido un error al intentar crear el usuario
05-05-2026 16:20:39 937-06:00 [main] INFO  c.e.p.crontroller.UsuarioControl - Obteniendo usuarios
05-05-2026 16:20:39 969-06:00 [main] INFO  c.e.p.crontroller.UsuarioControl - Obteniendo usuarios
05-05-2026 16:20:39 981-06:00 [main] INFO  c.e.p.crontroller.UsuarioControl - Obteniendo usuario por id...
05-05-2026 16:20:39 982-06:00 [main] INFO  c.e.p.crontroller.UsuarioControl - Id 1 no existente
05-05-2026 16:20:39 999-06:00 [main] INFO  c.e.p.crontroller.UsuarioControl - Creando usuario...
05-05-2026 16:20:40 000-06:00 [main] INFO  c.e.p.crontroller.UsuarioControl - El usuario se ha creado exitosamente
05-05-2026 16:21:09 908-06:00 [main] INFO  c.e.p.crontroller.UsuarioControl - Actualizando usuario con id 5...
05-05-2026 16:21:09 929-06:00 [main] INFO  c.e.p.crontroller.UsuarioControl - El usuario con id 5 se ha actualizado correctamente
05-05-2026 16:21:09 986-06:00 [main] INFO  c.e.p.crontroller.UsuarioControl - Se ha eliminado el usuario con id 1
05-05-2026 16:21:10 037-06:00 [main] INFO  c.e.p.crontroller.UsuarioControl - Actualizando usuario con id 5...
05-05-2026 16:21:10 038-06:00 [main] INFO  c.e.p.crontroller.UsuarioControl - El usuario con id 5 no existente
05-05-2026 16:21:10 087-06:00 [main] INFO  c.e.p.crontroller.UsuarioControl - Obteniendo usuario por id...
05-05-2026 16:21:10 091-06:00 [main] INFO  c.e.p.crontroller.UsuarioControl - Se ha obtenido el usuario con id 1
05-05-2026 16:21:10 119-06:00 [main] INFO  c.e.p.crontroller.UsuarioControl - Creando usuario...
05-05-2026 16:21:10 120-06:00 [main] INFO  c.e.p.crontroller.UsuarioControl - Ha ocurrido un error al intentar crear el usuario
05-05-2026 16:21:10 136-06:00 [main] INFO  c.e.p.crontroller.UsuarioControl - Obteniendo usuarios
05-05-2026 16:21:10 149-06:00 [main] INFO  c.e.p.crontroller.UsuarioControl - Obteniendo usuarios
05-05-2026 16:21:10 161-06:00 [main] INFO  c.e.p.crontroller.UsuarioControl - Obteniendo usuario por id...
05-05-2026 16:21:10 161-06:00 [main] INFO  c.e.p.crontroller.UsuarioControl - Id 1 no existente
05-05-2026 16:21:10 174-06:00 [main] INFO  c.e.p.crontroller.UsuarioControl - Creando usuario...
05-05-2026 16:21:10 175-06:00 [main] INFO  c.e.p.crontroller.UsuarioControl - El usuario se ha creado exitosamente
05-05-2026 16:22:56 472-06:00 [main] INFO  c.e.p.crontroller.UsuarioControl - Actualizando usuario con id 5...
05-05-2026 16:22:56 496-06:00 [main] INFO  c.e.p.crontroller.UsuarioControl - El usuario con id 5 se ha actualizado correctamente
05-05-2026 16:22:56 570-06:00 [main] INFO  c.e.p.crontroller.UsuarioControl - Se ha eliminado el usuario con id 1
05-05-2026 16:22:56 695-06:00 [main] INFO  c.e.p.crontroller.UsuarioControl - Actualizando usuario con id 5...
05-05-2026 16:22:56 695-06:00 [main] INFO  c.e.p.crontroller.UsuarioControl - El usuario con id 5 no existente
05-05-2026 16:22:56 717-06:00 [main] INFO  c.e.p.crontroller.UsuarioControl - Obteniendo usuario por id...
05-05-2026 16:22:56 718-06:00 [main] INFO  c.e.p.crontroller.UsuarioControl - Se ha obtenido el usuario con id 1
05-05-2026 16:22:56 750-06:00 [main] INFO  c.e.p.crontroller.UsuarioControl - Creando usuario...
05-05-2026 16:22:56 751-06:00 [main] INFO  c.e.p.crontroller.UsuarioControl - Ha ocurrido un error al intentar crear el usuario
05-05-2026 16:22:56 774-06:00 [main] INFO  c.e.p.crontroller.UsuarioControl - Obteniendo usuarios
05-05-2026 16:22:56 798-06:00 [main] INFO  c.e.p.crontroller.UsuarioControl - Obteniendo usuarios
05-05-2026 16:22:56 814-06:00 [main] INFO  c.e.p.crontroller.UsuarioControl - Obteniendo usuario por id...
05-05-2026 16:22:56 816-06:00 [main] INFO  c.e.p.crontroller.UsuarioControl - Id 1 no existente
05-05-2026 16:22:56 846-06:00 [main] INFO  c.e.p.crontroller.UsuarioControl - Creando usuario...
05-05-2026 16:22:56 847-06:00 [main] INFO  c.e.p.crontroller.UsuarioControl - El usuario se ha creado exitosamente
05-05-2026 16:24:03 083-06:00 [main] INFO  c.e.p.crontroller.UsuarioControl - Actualizando usuario con id 5...
05-05-2026 16:24:03 106-06:00 [main] INFO  c.e.p.crontroller.UsuarioControl - El usuario con id 5 se ha actualizado correctamente
05-05-2026 16:24:03 166-06:00 [main] INFO  c.e.p.crontroller.UsuarioControl - Se ha eliminado el usuario con id 1
05-05-2026 16:24:03 219-06:00 [main] INFO  c.e.p.crontroller.UsuarioControl - Actualizando usuario con id 5...
05-05-2026 16:24:03 230-06:00 [main] INFO  c.e.p.crontroller.UsuarioControl - El usuario con id 5 no existente
05-05-2026 16:24:03 292-06:00 [main] INFO  c.e.p.crontroller.UsuarioControl - Obteniendo usuario por id...
05-05-2026 16:24:03 294-06:00 [main] INFO  c.e.p.crontroller.UsuarioControl - Se ha obtenido el usuario con id 1
05-05-2026 16:24:03 347-06:00 [main] INFO  c.e.p.crontroller.UsuarioControl - Creando usuario...
05-05-2026 16:24:03 350-06:00 [main] INFO  c.e.p.crontroller.UsuarioControl - Ha ocurrido un error al intentar crear el usuario
05-05-2026 16:24:03 387-06:00 [main] INFO  c.e.p.crontroller.UsuarioControl - Obteniendo usuarios
05-05-2026 16:24:03 406-06:00 [main] INFO  c.e.p.crontroller.UsuarioControl - Obteniendo usuarios
05-05-2026 16:24:03 419-06:00 [main] INFO  c.e.p.crontroller.UsuarioControl - Obteniendo usuario por id...
05-05-2026 16:24:03 420-06:00 [main] INFO  c.e.p.crontroller.UsuarioControl - Id 1 no existente
05-05-2026 16:24:03 439-06:00 [main] INFO  c.e.p.crontroller.UsuarioControl - Creando usuario...
05-05-2026 16:24:03 440-06:00 [main] INFO  c.e.p.crontroller.UsuarioControl - El usuario se ha creado exitosamente
05-05-2026 16:28:04 126-06:00 [main] INFO  c.e.p.crontroller.DireccionControl - Se ha eliminado la direccion con id 1
05-05-2026 16:28:04 218-06:00 [main] INFO  c.e.p.crontroller.DireccionControl - Obteniendo direccion por id...
05-05-2026 16:28:04 219-06:00 [main] INFO  c.e.p.crontroller.DireccionControl - Se ha obtenido la direccion con id 1
05-05-2026 16:28:04 258-06:00 [main] INFO  c.e.p.crontroller.DireccionControl - Obteniendo direccion por id...
05-05-2026 16:28:04 260-06:00 [main] INFO  c.e.p.crontroller.DireccionControl - Id 1 no existente
05-05-2026 16:28:04 292-06:00 [main] INFO  c.e.p.crontroller.DireccionControl - Actualizando direccion con id 5...
05-05-2026 16:28:04 295-06:00 [main] INFO  c.e.p.crontroller.DireccionControl - La direccion con id 5 se ha actualizado correctamente
05-05-2026 16:28:04 342-06:00 [main] INFO  c.e.p.crontroller.DireccionControl - Creando direccion...
05-05-2026 16:28:04 344-06:00 [main] INFO  c.e.p.crontroller.DireccionControl - Ha ocurrido un error al intentar crear la direccion
05-05-2026 16:28:04 357-06:00 [main] INFO  c.e.p.crontroller.DireccionControl - Actualizando direccion con id 5...
05-05-2026 16:28:04 358-06:00 [main] INFO  c.e.p.crontroller.DireccionControl - La direccion con id 5 no existente
05-05-2026 16:28:04 372-06:00 [main] INFO  c.e.p.crontroller.DireccionControl - Obteniendo direcciones
05-05-2026 16:28:04 387-06:00 [main] INFO  c.e.p.crontroller.DireccionControl - Obteniendo direcciones
05-05-2026 16:49:41 313-06:00 [main] INFO  c.e.p.crontroller.TelefonoControl - Obteniendo telefonos
05-05-2026 16:53:40 343-06:00 [main] INFO  c.e.p.crontroller.UsuarioControl - Actualizando usuario con id 5...
05-05-2026 16:53:40 365-06:00 [main] INFO  c.e.p.crontroller.UsuarioControl - El usuario con id 5 se ha actualizado correctamente
05-05-2026 16:53:40 434-06:00 [main] INFO  c.e.p.crontroller.UsuarioControl - Se ha eliminado el usuario con id 1
05-05-2026 16:53:40 499-06:00 [main] INFO  c.e.p.crontroller.UsuarioControl - Actualizando usuario con id 5...
05-05-2026 16:53:40 499-06:00 [main] INFO  c.e.p.crontroller.UsuarioControl - El usuario con id 5 no existente
05-05-2026 16:53:40 517-06:00 [main] INFO  c.e.p.crontroller.UsuarioControl - Obteniendo usuario por id...
05-05-2026 16:53:40 519-06:00 [main] INFO  c.e.p.crontroller.UsuarioControl - Se ha obtenido el usuario con id 1
05-05-2026 16:53:40 547-06:00 [main] INFO  c.e.p.crontroller.UsuarioControl - Creando usuario...
05-05-2026 16:53:40 549-06:00 [main] INFO  c.e.p.crontroller.UsuarioControl - Ha ocurrido un error al intentar crear el usuario
05-05-2026 16:53:40 574-06:00 [main] INFO  c.e.p.crontroller.UsuarioControl - Obteniendo usuarios
05-05-2026 16:53:40 597-06:00 [main] INFO  c.e.p.crontroller.UsuarioControl - Obteniendo usuarios
05-05-2026 16:53:40 612-06:00 [main] INFO  c.e.p.crontroller.UsuarioControl - Obteniendo usuario por id...
05-05-2026 16:53:40 612-06:00 [main] INFO  c.e.p.crontroller.UsuarioControl - Id 1 no existente
05-05-2026 16:53:40 623-06:00 [main] INFO  c.e.p.crontroller.UsuarioControl - Creando usuario...
05-05-2026 16:53:40 624-06:00 [main] INFO  c.e.p.crontroller.UsuarioControl - El usuario se ha creado exitosamente
05-05-2026 17:23:18 698-06:00 [main] INFO  c.e.p.crontroller.TelefonoControl - Actualizando telefono con id 5...
05-05-2026 17:23:18 725-06:00 [main] INFO  c.e.p.crontroller.TelefonoControl - El telefono con id 5 se ha actualizado correctamente
05-05-2026 17:23:18 751-06:00 [main] INFO  c.e.p.crontroller.TelefonoControl - Creando telefono...
05-05-2026 17:23:18 752-06:00 [main] INFO  c.e.p.crontroller.TelefonoControl - El telefono se ha creado exitosamente
05-05-2026 17:23:18 790-06:00 [main] INFO  c.e.p.crontroller.TelefonoControl - Obteniendo telefonos
05-05-2026 17:23:18 825-06:00 [main] INFO  c.e.p.crontroller.TelefonoControl - Obteniendo telefono por id...
05-05-2026 17:23:18 827-06:00 [main] INFO  c.e.p.crontroller.TelefonoControl - Se ha obtenido el telefono con id 1
05-05-2026 17:23:18 840-06:00 [main] INFO  c.e.p.crontroller.TelefonoControl - Obteniendo telefonos
05-05-2026 17:23:18 862-06:00 [main] INFO  c.e.p.crontroller.TelefonoControl - Obteniendo telefono por id...
05-05-2026 17:23:18 864-06:00 [main] INFO  c.e.p.crontroller.TelefonoControl - Id 1 no existente
05-05-2026 17:28:21 893-06:00 [main] INFO  c.e.p.crontroller.UsuarioControl - Creando usuario...
05-05-2026 17:28:21 922-06:00 [main] INFO  c.e.p.crontroller.UsuarioControl - El usuario se ha creado exitosamente
05-05-2026 17:28:42 912-06:00 [main] INFO  c.e.p.crontroller.TelefonoControl - Creando telefono...
05-05-2026 17:28:42 940-06:00 [main] INFO  c.e.p.crontroller.TelefonoControl - El telefono se ha creado exitosamente
05-05-2026 17:34:10 304-06:00 [main] INFO  c.e.p.crontroller.TelefonoControl - Creando telefono...
05-05-2026 17:34:10 331-06:00 [main] INFO  c.e.p.crontroller.TelefonoControl - El telefono se ha creado exitosamente
05-05-2026 17:36:29 094-06:00 [main] INFO  c.e.p.crontroller.TelefonoControl - Obteniendo telefono por id...
05-05-2026 17:36:29 125-06:00 [main] INFO  c.e.p.crontroller.TelefonoControl - Id 1 no existente
05-05-2026 17:37:17 221-06:00 [main] INFO  c.e.p.crontroller.UsuarioControl - Creando usuario...
05-05-2026 17:37:17 251-06:00 [main] INFO  c.e.p.crontroller.UsuarioControl - El usuario se ha creado exitosamente
05-05-2026 17:39:42 301-06:00 [main] INFO  c.e.p.crontroller.TelefonoControl - Creando telefono...
05-05-2026 17:39:42 328-06:00 [main] INFO  c.e.p.crontroller.TelefonoControl - El telefono se ha creado exitosamente
05-05-2026 17:45:29 249-06:00 [main] INFO  c.e.p.crontroller.TelefonoControl - Creando telefono...
05-05-2026 17:45:29 278-06:00 [main] INFO  c.e.p.crontroller.TelefonoControl - El telefono se ha creado exitosamente
05-05-2026 17:46:10 338-06:00 [main] INFO  c.e.p.crontroller.TelefonoControl - Actualizando telefono con id 5...
05-05-2026 17:46:10 369-06:00 [main] INFO  c.e.p.crontroller.TelefonoControl - El telefono con id 5 se ha actualizado correctamente
05-05-2026 17:46:10 394-06:00 [main] INFO  c.e.p.crontroller.TelefonoControl - Creando telefono...
05-05-2026 17:46:10 394-06:00 [main] INFO  c.e.p.crontroller.TelefonoControl - El telefono se ha creado exitosamente
05-05-2026 17:46:10 406-06:00 [main] INFO  c.e.p.crontroller.TelefonoControl - Obteniendo telefonos
05-05-2026 17:46:10 448-06:00 [main] INFO  c.e.p.crontroller.TelefonoControl - Obteniendo telefono por id...
05-05-2026 17:46:10 449-06:00 [main] INFO  c.e.p.crontroller.TelefonoControl - Se ha obtenido el telefono con id 1
05-05-2026 17:46:10 465-06:00 [main] INFO  c.e.p.crontroller.TelefonoControl - Obteniendo telefonos
05-05-2026 17:46:10 479-06:00 [main] INFO  c.e.p.crontroller.TelefonoControl - Obteniendo telefono por id...
05-05-2026 17:46:10 480-06:00 [main] INFO  c.e.p.crontroller.TelefonoControl - Id 1 no existente
